mode: set
vsTaskViewer/api.go:31.75,35.2 3 1
vsTaskViewer/api.go:38.104,44.16 4 1
vsTaskViewer/api.go:44.16,48.3 3 1
vsTaskViewer/api.go:50.2,50.33 1 1
vsTaskViewer/api.go:50.33,53.3 2 1
vsTaskViewer/api.go:55.2,57.69 2 1
vsTaskViewer/api.go:57.69,61.3 3 1
vsTaskViewer/api.go:63.2,63.24 1 1
vsTaskViewer/api.go:63.24,66.3 2 1
vsTaskViewer/api.go:69.2,70.16 2 1
vsTaskViewer/api.go:70.16,74.3 3 1
vsTaskViewer/api.go:76.2,80.16 3 1
vsTaskViewer/api.go:80.16,83.3 2 0
vsTaskViewer/api.go:86.2,87.18 2 1
vsTaskViewer/api.go:87.18,89.3 1 1
vsTaskViewer/api.go:90.2,99.37 4 1
vsTaskViewer/api.go:104.91,115.2 3 1
vsTaskViewer/auth.go:20.93,22.20 2 1
vsTaskViewer/auth.go:22.20,24.3 1 1
vsTaskViewer/auth.go:26.2,26.101 1 1
vsTaskViewer/auth.go:26.101,27.58 1 1
vsTaskViewer/auth.go:27.58,29.4 1 0
vsTaskViewer/auth.go:30.3,30.29 1 1
vsTaskViewer/auth.go:33.2,33.16 1 1
vsTaskViewer/auth.go:33.16,35.3 1 1
vsTaskViewer/auth.go:37.2,38.25 2 1
vsTaskViewer/auth.go:38.25,40.3 1 0
vsTaskViewer/auth.go:43.2,43.68 1 1
vsTaskViewer/auth.go:43.68,45.3 1 0
vsTaskViewer/auth.go:48.2,48.29 1 1
vsTaskViewer/auth.go:48.29,52.30 1 1
vsTaskViewer/auth.go:52.30,54.60 1 1
vsTaskViewer/auth.go:54.60,56.5 1 1
vsTaskViewer/auth.go:57.9,59.76 1 1
vsTaskViewer/auth.go:59.76,61.5 1 1
vsTaskViewer/auth.go:65.2,65.20 1 1
vsTaskViewer/auth.go:70.105,71.54 1 1
vsTaskViewer/auth.go:71.54,73.17 2 1
vsTaskViewer/auth.go:73.17,76.4 2 1
vsTaskViewer/auth.go:77.3,77.16 1 1
vsTaskViewer/html.go:20.55,28.16 4 1
vsTaskViewer/html.go:28.16,30.3 1 1
vsTaskViewer/html.go:31.2,36.34 4 1
vsTaskViewer/html.go:36.34,39.17 3 1
vsTaskViewer/html.go:39.17,41.12 2 1
vsTaskViewer/html.go:43.3,44.61 2 1
vsTaskViewer/html.go:47.2,47.19 1 1
vsTaskViewer/html.go:51.44,55.2 3 1
vsTaskViewer/html.go:58.57,62.2 3 1
vsTaskViewer/html.go:65.82,68.17 2 1
vsTaskViewer/html.go:68.17,74.3 4 1
vsTaskViewer/html.go:76.2,78.15 3 1
vsTaskViewer/html.go:82.59,84.16 2 1
vsTaskViewer/html.go:84.16,86.3 1 0
vsTaskViewer/html.go:87.2,87.18 1 1
vsTaskViewer/main.go:71.13,75.15 2 0
vsTaskViewer/main.go:75.15,78.3 2 0
vsTaskViewer/main.go:81.2,82.16 2 0
vsTaskViewer/main.go:82.16,84.3 1 0
vsTaskViewer/main.go:85.2,89.16 3 0
vsTaskViewer/main.go:89.16,91.3 1 0
vsTaskViewer/main.go:94.2,94.30 1 0
vsTaskViewer/main.go:94.30,97.17 2 0
vsTaskViewer/main.go:97.17,99.4 1 0
vsTaskViewer/main.go:100.3,101.82 2 0
vsTaskViewer/main.go:102.8,102.40 1 0
vsTaskViewer/main.go:102.40,104.17 2 0
vsTaskViewer/main.go:104.17,106.4 1 0
vsTaskViewer/main.go:107.3,108.69 2 0
vsTaskViewer/main.go:109.8,111.45 1 0
vsTaskViewer/main.go:111.45,113.18 2 0
vsTaskViewer/main.go:113.18,115.5 1 0
vsTaskViewer/main.go:116.4,116.35 1 0
vsTaskViewer/main.go:118.3,118.81 1 0
vsTaskViewer/main.go:122.2,122.66 1 0
vsTaskViewer/main.go:122.66,124.3 1 0
vsTaskViewer/main.go:127.2,127.24 1 0
vsTaskViewer/main.go:127.24,130.17 2 0
vsTaskViewer/main.go:130.17,132.4 1 0
vsTaskViewer/main.go:133.3,134.77 2 0
vsTaskViewer/main.go:135.8,135.40 1 0
vsTaskViewer/main.go:135.40,137.17 2 0
vsTaskViewer/main.go:137.17,139.4 1 0
vsTaskViewer/main.go:140.3,141.64 2 0
vsTaskViewer/main.go:142.8,144.45 1 0
vsTaskViewer/main.go:144.45,146.18 2 0
vsTaskViewer/main.go:146.18,148.5 1 0
vsTaskViewer/main.go:149.4,149.35 1 0
vsTaskViewer/main.go:151.3,151.76 1 0
vsTaskViewer/main.go:155.2,155.25 1 0
vsTaskViewer/main.go:155.25,158.3 2 0
vsTaskViewer/main.go:158.8,158.41 1 0
vsTaskViewer/main.go:158.41,161.3 2 0
vsTaskViewer/main.go:161.8,163.3 1 0
vsTaskViewer/main.go:166.2,166.28 1 0
vsTaskViewer/main.go:166.28,168.3 1 0
vsTaskViewer/main.go:171.2,172.71 2 0
vsTaskViewer/main.go:172.71,174.70 1 0
vsTaskViewer/main.go:174.70,176.4 1 0
vsTaskViewer/main.go:177.3,177.71 1 0
vsTaskViewer/main.go:177.71,179.4 1 0
vsTaskViewer/main.go:181.3,183.17 3 0
vsTaskViewer/main.go:183.17,185.4 1 0
vsTaskViewer/main.go:186.3,187.17 2 0
vsTaskViewer/main.go:187.17,189.4 1 0
vsTaskViewer/main.go:190.3,190.106 1 0
vsTaskViewer/main.go:194.2,195.16 2 0
vsTaskViewer/main.go:195.16,197.3 1 0
vsTaskViewer/main.go:198.2,201.63 2 0
vsTaskViewer/main.go:201.63,203.3 1 0
vsTaskViewer/main.go:206.2,206.63 1 0
vsTaskViewer/main.go:206.63,208.3 1 0
vsTaskViewer/main.go:211.2,224.25 6 0
vsTaskViewer/main.go:224.25,226.3 1 0
vsTaskViewer/main.go:228.2,231.96 2 0
vsTaskViewer/main.go:231.96,235.3 2 0
vsTaskViewer/main.go:238.2,238.93 1 0
vsTaskViewer/main.go:238.93,240.3 1 0
vsTaskViewer/main.go:243.2,243.89 1 0
vsTaskViewer/main.go:243.89,245.3 1 0
vsTaskViewer/main.go:248.2,248.73 1 0
vsTaskViewer/main.go:248.73,251.3 2 0
vsTaskViewer/main.go:253.2,263.12 2 0
vsTaskViewer/main.go:263.12,280.46 9 0
vsTaskViewer/main.go:280.46,282.4 1 0
vsTaskViewer/main.go:284.3,284.42 1 0
vsTaskViewer/main.go:288.2,288.49 1 0
vsTaskViewer/main.go:288.49,291.17 2 0
vsTaskViewer/main.go:291.17,293.4 1 0
vsTaskViewer/main.go:294.3,295.57 2 0
vsTaskViewer/main.go:295.57,298.4 2 0
vsTaskViewer/main.go:299.3,303.17 4 0
vsTaskViewer/main.go:303.17,305.4 1 0
vsTaskViewer/main.go:306.3,307.59 2 0
vsTaskViewer/main.go:307.59,310.4 2 0
vsTaskViewer/main.go:311.3,317.120 6 0
vsTaskViewer/main.go:317.120,319.4 1 0
vsTaskViewer/main.go:320.8,322.80 2 0
vsTaskViewer/main.go:322.80,324.4 1 0
vsTaskViewer/main.go:328.47,330.58 2 0
vsTaskViewer/main.go:330.58,332.3 1 0
vsTaskViewer/main.go:335.2,335.30 1 0
vsTaskViewer/main.go:335.30,337.3 1 0
vsTaskViewer/main.go:339.2,339.28 1 0
vsTaskViewer/main.go:339.28,341.3 1 0
vsTaskViewer/main.go:344.2,344.36 1 0
vsTaskViewer/main.go:344.36,345.22 1 0
vsTaskViewer/main.go:345.22,347.4 1 0
vsTaskViewer/main.go:348.3,348.25 1 0
vsTaskViewer/main.go:348.25,350.4 1 0
vsTaskViewer/main.go:353.3,354.41 2 0
vsTaskViewer/main.go:354.41,355.24 1 0
vsTaskViewer/main.go:355.24,357.5 1 0
vsTaskViewer/main.go:358.4,358.53 1 0
vsTaskViewer/main.go:358.53,360.5 1 0
vsTaskViewer/main.go:362.4,362.30 1 0
vsTaskViewer/main.go:362.30,364.5 1 0
vsTaskViewer/main.go:365.4,365.33 1 0
vsTaskViewer/main.go:371.2,371.21 1 0
vsTaskViewer/main.go:375.37,377.16 2 0
vsTaskViewer/main.go:377.16,379.3 1 0
vsTaskViewer/main.go:382.2,383.16 2 0
vsTaskViewer/main.go:383.16,385.3 1 0
vsTaskViewer/main.go:387.2,387.36 1 0
vsTaskViewer/main.go:391.54,393.20 1 0
vsTaskViewer/main.go:393.20,394.46 1 0
vsTaskViewer/main.go:394.46,396.4 1 0
vsTaskViewer/main.go:397.3,397.86 1 0
vsTaskViewer/main.go:401.2,402.16 2 0
vsTaskViewer/main.go:402.16,404.49 2 0
vsTaskViewer/main.go:404.49,406.4 1 0
vsTaskViewer/main.go:410.2,411.49 2 0
vsTaskViewer/main.go:411.49,413.3 1 0
vsTaskViewer/main.go:415.2,415.160 1 0
vsTaskViewer/main.go:419.41,422.16 2 0
vsTaskViewer/main.go:422.16,426.17 3 0
vsTaskViewer/main.go:426.17,427.53 1 0
vsTaskViewer/main.go:427.53,429.5 1 0
vsTaskViewer/main.go:434.2,435.52 2 0
vsTaskViewer/main.go:435.52,437.3 1 0
vsTaskViewer/main.go:439.2,439.158 1 0
vsTaskViewer/main.go:443.36,446.51 2 0
vsTaskViewer/main.go:446.51,448.3 1 0
vsTaskViewer/main.go:450.2,450.28 1 0
vsTaskViewer/main.go:457.44,464.24 4 0
vsTaskViewer/main.go:464.24,466.52 1 0
vsTaskViewer/main.go:466.52,468.4 1 0
vsTaskViewer/main.go:469.3,472.17 3 0
vsTaskViewer/main.go:472.17,474.4 1 0
vsTaskViewer/main.go:475.8,475.23 1 0
vsTaskViewer/main.go:475.23,477.3 1 0
vsTaskViewer/main.go:480.2,480.19 1 0
vsTaskViewer/main.go:480.19,482.3 1 0
vsTaskViewer/main.go:485.2,486.16 2 0
vsTaskViewer/main.go:486.16,487.44 1 0
vsTaskViewer/main.go:487.44,488.35 1 0
vsTaskViewer/main.go:488.35,490.5 1 0
vsTaskViewer/main.go:491.4,491.35 1 0
vsTaskViewer/main.go:491.35,493.5 1 0
vsTaskViewer/main.go:498.2,500.26 3 0
vsTaskViewer/main.go:500.26,502.3 1 0
vsTaskViewer/main.go:504.2,505.12 2 0
vsTaskViewer/main.go:509.28,511.2 1 0
vsTaskViewer/main.go:514.60,516.16 2 0
vsTaskViewer/main.go:516.16,518.3 1 0
vsTaskViewer/main.go:520.2,521.16 2 0
vsTaskViewer/main.go:521.16,523.3 1 0
vsTaskViewer/main.go:525.2,526.16 2 0
vsTaskViewer/main.go:526.16,528.3 1 0
vsTaskViewer/main.go:530.2,530.28 1 0
vsTaskViewer/main.go:534.44,537.21 2 0
vsTaskViewer/main.go:537.21,540.17 2 0
vsTaskViewer/main.go:540.17,542.4 1 0
vsTaskViewer/main.go:543.3,543.39 1 0
vsTaskViewer/main.go:543.39,546.4 2 0
vsTaskViewer/main.go:547.3,547.124 1 0
vsTaskViewer/main.go:551.2,552.16 2 0
vsTaskViewer/main.go:552.16,554.3 1 0
vsTaskViewer/main.go:557.2,557.44 1 0
vsTaskViewer/main.go:557.44,559.3 1 0
vsTaskViewer/main.go:562.2,562.44 1 0
vsTaskViewer/main.go:562.44,564.3 1 0
vsTaskViewer/main.go:567.2,567.46 1 0
vsTaskViewer/main.go:567.46,569.3 1 0
vsTaskViewer/main.go:571.2,572.12 2 0
vsTaskViewer/ratelimit.go:24.57,36.2 3 1
vsTaskViewer/ratelimit.go:39.34,43.21 3 1
vsTaskViewer/ratelimit.go:43.21,46.33 3 0
vsTaskViewer/ratelimit.go:46.33,48.46 1 0
vsTaskViewer/ratelimit.go:48.46,50.5 1 0
vsTaskViewer/ratelimit.go:52.3,52.17 1 0
vsTaskViewer/ratelimit.go:57.54,59.55 1 1
vsTaskViewer/ratelimit.go:59.55,61.3 1 1
vsTaskViewer/ratelimit.go:63.2,63.49 1 1
vsTaskViewer/ratelimit.go:63.49,65.3 1 1
vsTaskViewer/ratelimit.go:67.2,69.52 2 1
vsTaskViewer/ratelimit.go:69.52,71.45 1 0
vsTaskViewer/ratelimit.go:71.45,72.35 1 0
vsTaskViewer/ratelimit.go:72.35,73.21 1 0
vsTaskViewer/ratelimit.go:73.21,75.11 2 0
vsTaskViewer/ratelimit.go:79.8,81.37 1 1
vsTaskViewer/ratelimit.go:81.37,82.20 1 1
vsTaskViewer/ratelimit.go:82.20,84.10 2 1
vsTaskViewer/ratelimit.go:88.2,88.11 1 1
vsTaskViewer/ratelimit.go:92.52,93.31 1 1
vsTaskViewer/ratelimit.go:93.31,95.3 1 1
vsTaskViewer/ratelimit.go:97.2,104.13 6 1
vsTaskViewer/ratelimit.go:104.13,111.3 2 1
vsTaskViewer/ratelimit.go:114.2,115.28 2 1
vsTaskViewer/ratelimit.go:115.28,119.3 2 1
vsTaskViewer/ratelimit.go:119.8,122.22 2 1
vsTaskViewer/ratelimit.go:122.22,124.39 2 1
vsTaskViewer/ratelimit.go:124.39,126.5 1 0
vsTaskViewer/ratelimit.go:127.4,127.22 1 1
vsTaskViewer/ratelimit.go:132.2,132.18 1 1
vsTaskViewer/ratelimit.go:132.18,135.3 2 1
vsTaskViewer/ratelimit.go:137.2,137.14 1 1
vsTaskViewer/ratelimit.go:141.91,142.54 1 1
vsTaskViewer/ratelimit.go:142.54,143.24 1 1
vsTaskViewer/ratelimit.go:143.24,148.4 4 1
vsTaskViewer/ratelimit.go:149.3,149.16 1 1
vsTaskViewer/security.go:26.42,27.16 1 1
vsTaskViewer/security.go:27.16,29.3 1 1
vsTaskViewer/security.go:30.2,30.35 1 1
vsTaskViewer/security.go:30.35,32.3 1 1
vsTaskViewer/security.go:33.2,33.38 1 1
vsTaskViewer/security.go:33.38,35.3 1 1
vsTaskViewer/security.go:36.2,36.12 1 1
vsTaskViewer/security.go:40.41,43.2 2 1
vsTaskViewer/security.go:47.43,52.2 2 1
vsTaskViewer/security.go:55.73,59.2 3 1
vsTaskViewer/security.go:63.93,66.27 2 1
vsTaskViewer/security.go:67.14,68.15 1 1
vsTaskViewer/security.go:69.15,71.25 1 1
vsTaskViewer/security.go:71.25,73.30 1 1
vsTaskViewer/security.go:73.30,75.5 1 1
vsTaskViewer/security.go:76.4,76.46 1 1
vsTaskViewer/security.go:77.9,79.4 1 1
vsTaskViewer/security.go:80.11,81.25 1 1
vsTaskViewer/security.go:81.25,83.4 1 1
vsTaskViewer/security.go:83.9,85.4 1 1
vsTaskViewer/security.go:86.13,87.25 1 1
vsTaskViewer/security.go:87.25,89.4 1 1
vsTaskViewer/security.go:89.9,91.4 1 0
vsTaskViewer/security.go:92.10,93.81 1 1
vsTaskViewer/security.go:97.2,97.19 1 1
vsTaskViewer/security.go:98.13,99.43 1 1
vsTaskViewer/security.go:99.43,101.4 1 1
vsTaskViewer/security.go:102.3,102.23 1 1
vsTaskViewer/security.go:103.16,104.46 1 1
vsTaskViewer/security.go:104.46,106.4 1 1
vsTaskViewer/security.go:107.3,107.23 1 1
vsTaskViewer/security.go:108.10,109.113 1 1
vsTaskViewer/task.go:37.50,42.2 1 1
vsTaskViewer/task.go:45.102,47.51 1 1
vsTaskViewer/task.go:47.51,49.3 1 1
vsTaskViewer/task.go:52.2,53.33 2 1
vsTaskViewer/task.go:53.33,54.42 1 1
vsTaskViewer/task.go:54.42,56.9 2 1
vsTaskViewer/task.go:60.2,60.23 1 1
vsTaskViewer/task.go:60.23,62.3 1 1
vsTaskViewer/task.go:65.2,66.16 2 1
vsTaskViewer/task.go:66.16,68.3 1 1
vsTaskViewer/task.go:71.2,78.53 4 1
vsTaskViewer/task.go:78.53,80.3 1 0
vsTaskViewer/task.go:82.2,105.78 9 1
vsTaskViewer/task.go:105.78,107.3 1 0
vsTaskViewer/task.go:111.2,120.16 4 1
vsTaskViewer/task.go:120.16,122.3 1 0
vsTaskViewer/task.go:123.2,126.36 2 1
vsTaskViewer/task.go:126.36,130.3 3 0
vsTaskViewer/task.go:132.2,136.79 3 1
vsTaskViewer/task.go:136.79,138.3 1 0
vsTaskViewer/task.go:142.2,142.12 1 1
vsTaskViewer/task.go:142.12,146.3 1 1
vsTaskViewer/task.go:148.2,152.37 3 1
vsTaskViewer/task.go:152.37,154.3 1 0
vsTaskViewer/task.go:157.2,169.20 4 1
vsTaskViewer/task.go:173.69,175.29 1 1
vsTaskViewer/task.go:175.29,177.3 1 1
vsTaskViewer/task.go:179.2,183.9 4 1
vsTaskViewer/task.go:183.9,185.3 1 1
vsTaskViewer/task.go:187.2,187.18 1 1
vsTaskViewer/task.go:191.53,196.39 4 1
vsTaskViewer/task.go:196.39,198.3 1 1
vsTaskViewer/task.go:199.2,199.14 1 1
vsTaskViewer/task.go:203.42,208.44 4 0
vsTaskViewer/task.go:208.44,209.54 1 0
vsTaskViewer/task.go:209.54,211.4 1 0
vsTaskViewer/task.go:211.9,213.4 1 0
vsTaskViewer/task.go:219.130,223.25 2 1
vsTaskViewer/task.go:223.25,224.30 1 1
vsTaskViewer/task.go:224.30,226.4 1 1
vsTaskViewer/task.go:227.3,227.24 1 1
vsTaskViewer/task.go:231.2,232.35 2 1
vsTaskViewer/task.go:232.35,234.3 1 1
vsTaskViewer/task.go:237.2,237.37 1 1
vsTaskViewer/task.go:237.37,241.38 2 1
vsTaskViewer/task.go:241.38,243.4 1 1
vsTaskViewer/task.go:246.3,246.37 1 1
vsTaskViewer/task.go:246.37,247.12 1 1
vsTaskViewer/task.go:251.3,252.17 2 1
vsTaskViewer/task.go:252.17,254.4 1 1
vsTaskViewer/task.go:256.3,256.44 1 1
vsTaskViewer/task.go:260.2,260.37 1 1
vsTaskViewer/task.go:260.37,262.38 2 1
vsTaskViewer/task.go:262.38,263.34 1 1
vsTaskViewer/task.go:263.34,265.10 2 1
vsTaskViewer/task.go:268.3,268.13 1 1
vsTaskViewer/task.go:268.13,270.4 1 1
vsTaskViewer/task.go:273.2,273.23 1 1
vsTaskViewer/task.go:278.80,280.48 2 1
vsTaskViewer/task.go:280.48,283.3 2 1
vsTaskViewer/task.go:284.2,284.15 1 1
vsTaskViewer/timeout.go:11.90,17.13 4 0
vsTaskViewer/timeout.go:17.13,20.3 2 0
vsTaskViewer/timeout.go:23.2,23.21 1 0
vsTaskViewer/timeout.go:23.21,25.19 1 0
vsTaskViewer/timeout.go:25.19,27.29 1 0
vsTaskViewer/timeout.go:27.29,36.19 6 0
vsTaskViewer/timeout.go:36.19,38.6 1 0
vsTaskViewer/timeout.go:39.10,41.5 1 0
vsTaskViewer/timeout.go:42.9,44.4 1 0
vsTaskViewer/timeout.go:45.3,45.9 1 0
vsTaskViewer/timeout.go:49.2,57.16 6 0
vsTaskViewer/timeout.go:57.16,59.3 1 0
vsTaskViewer/timeout.go:62.2,62.12 1 0
vsTaskViewer/timeout.go:62.12,67.14 4 0
vsTaskViewer/timeout.go:67.14,70.4 2 0
vsTaskViewer/timeout.go:72.3,72.44 1 0
vsTaskViewer/timeout.go:72.44,81.18 6 0
vsTaskViewer/timeout.go:81.18,83.5 1 0
vsTaskViewer/timeout.go:84.9,86.4 1 0
vsTaskViewer/viewer.go:11.123,17.16 4 1
vsTaskViewer/viewer.go:17.16,21.3 3 1
vsTaskViewer/viewer.go:23.2,24.18 2 1
vsTaskViewer/viewer.go:24.18,26.3 1 1
vsTaskViewer/viewer.go:28.2,28.18 1 1
vsTaskViewer/viewer.go:28.18,32.3 3 1
vsTaskViewer/viewer.go:35.2,36.16 2 1
vsTaskViewer/viewer.go:36.16,40.3 3 1
vsTaskViewer/viewer.go:42.2,46.17 3 1
vsTaskViewer/viewer.go:46.17,49.3 2 0
vsTaskViewer/viewer.go:52.2,53.18 2 1
vsTaskViewer/viewer.go:53.18,55.3 1 1
vsTaskViewer/viewer.go:56.2,60.16 3 1
vsTaskViewer/viewer.go:60.16,64.3 3 0
vsTaskViewer/viewer.go:67.2,72.23 5 1
vsTaskViewer/websocket.go:23.65,25.43 1 1
vsTaskViewer/websocket.go:25.43,27.32 1 1
vsTaskViewer/websocket.go:27.32,29.5 1 1
vsTaskViewer/websocket.go:30.4,31.43 2 1
vsTaskViewer/websocket.go:31.43,32.26 1 1
vsTaskViewer/websocket.go:32.26,34.6 1 1
vsTaskViewer/websocket.go:36.4,36.16 1 1
vsTaskViewer/websocket.go:60.70,64.2 3 0
vsTaskViewer/websocket.go:67.162,73.16 4 0
vsTaskViewer/websocket.go:73.16,79.3 5 0
vsTaskViewer/websocket.go:81.2,82.18 2 0
vsTaskViewer/websocket.go:82.18,84.3 1 0
vsTaskViewer/websocket.go:86.2,86.18 1 0
vsTaskViewer/websocket.go:86.18,92.3 5 0
vsTaskViewer/websocket.go:95.2,96.16 2 0
vsTaskViewer/websocket.go:96.16,102.3 5 0
vsTaskViewer/websocket.go:105.2,106.16 2 0
vsTaskViewer/websocket.go:106.16,112.3 5 0
vsTaskViewer/websocket.go:113.2,132.13 11 0
vsTaskViewer/websocket.go:132.13,135.3 2 0
vsTaskViewer/websocket.go:135.8,138.3 2 0
vsTaskViewer/websocket.go:141.2,150.41 6 0
vsTaskViewer/websocket.go:150.41,153.3 2 0
vsTaskViewer/websocket.go:156.2,160.12 3 0
vsTaskViewer/websocket.go:160.12,161.7 1 0
vsTaskViewer/websocket.go:161.7,163.18 2 0
vsTaskViewer/websocket.go:163.18,165.5 1 0
vsTaskViewer/websocket.go:169.2,169.6 1 0
vsTaskViewer/websocket.go:169.6,170.10 1 0
vsTaskViewer/websocket.go:171.21,172.10 1 0
vsTaskViewer/websocket.go:173.19,177.18 4 0
vsTaskViewer/websocket.go:177.18,179.5 1 0
vsTaskViewer/websocket.go:185.34,187.16 2 1
vsTaskViewer/websocket.go:187.16,189.3 1 1
vsTaskViewer/websocket.go:190.2,192.16 3 1
vsTaskViewer/websocket.go:192.16,194.3 1 1
vsTaskViewer/websocket.go:195.2,195.12 1 1
vsTaskViewer/websocket.go:199.37,201.16 2 1
vsTaskViewer/websocket.go:201.16,203.3 1 0
vsTaskViewer/websocket.go:205.2,206.19 2 1
vsTaskViewer/websocket.go:210.169,213.26 2 0
vsTaskViewer/websocket.go:213.26,214.10 1 0
vsTaskViewer/websocket.go:215.21,216.10 1 0
vsTaskViewer/websocket.go:217.11,217.11 0 0
vsTaskViewer/websocket.go:219.3,220.14 2 0
vsTaskViewer/websocket.go:220.14,221.9 1 0
vsTaskViewer/websocket.go:223.3,223.30 1 0
vsTaskViewer/websocket.go:226.2,226.14 1 0
vsTaskViewer/websocket.go:226.14,229.3 2 0
vsTaskViewer/websocket.go:231.2,236.26 4 0
vsTaskViewer/websocket.go:236.26,240.3 3 0
vsTaskViewer/websocket.go:243.2,245.25 3 0
vsTaskViewer/websocket.go:245.25,247.3 1 0
vsTaskViewer/websocket.go:249.2,249.6 1 0
vsTaskViewer/websocket.go:249.6,250.10 1 0
vsTaskViewer/websocket.go:251.21,252.10 1 0
vsTaskViewer/websocket.go:253.22,256.21 2 0
vsTaskViewer/websocket.go:257.19,258.30 1 0
vsTaskViewer/websocket.go:258.30,282.51 13 0
vsTaskViewer/websocket.go:282.51,284.6 1 0
vsTaskViewer/websocket.go:284.11,286.6 1 0
vsTaskViewer/websocket.go:288.5,288.11 1 0
vsTaskViewer/websocket.go:295.44,297.16 2 1
vsTaskViewer/websocket.go:297.16,299.3 1 1
vsTaskViewer/websocket.go:300.2,302.16 3 1
vsTaskViewer/websocket.go:302.16,304.3 1 1
vsTaskViewer/websocket.go:305.2,305.17 1 1
vsTaskViewer/websocket.go:309.78,315.51 2 0
vsTaskViewer/websocket.go:315.51,317.3 1 0
vsTaskViewer/websocket.go:321.93,325.26 3 0
vsTaskViewer/websocket.go:325.26,326.10 1 0
vsTaskViewer/websocket.go:327.21,329.10 2 0
vsTaskViewer/websocket.go:330.11,330.11 0 0
vsTaskViewer/websocket.go:332.3,332.46 1 0
vsTaskViewer/websocket.go:332.46,335.9 3 0
vsTaskViewer/websocket.go:337.3,337.30 1 0
vsTaskViewer/websocket.go:340.2,340.17 1 0
vsTaskViewer/websocket.go:340.17,347.49 3 0
vsTaskViewer/websocket.go:347.49,349.4 1 0
vsTaskViewer/websocket.go:350.3,350.9 1 0
vsTaskViewer/websocket.go:354.2,355.16 2 0
vsTaskViewer/websocket.go:355.16,358.3 2 0
vsTaskViewer/websocket.go:359.2,365.21 3 0
vsTaskViewer/websocket.go:365.21,366.10 1 0
vsTaskViewer/websocket.go:367.21,368.10 1 0
vsTaskViewer/websocket.go:369.11,369.11 0 0
vsTaskViewer/websocket.go:372.3,376.49 2 0
vsTaskViewer/websocket.go:376.49,377.77 1 0
vsTaskViewer/websocket.go:377.77,379.5 1 0
vsTaskViewer/websocket.go:384.2,385.16 2 0
vsTaskViewer/websocket.go:385.16,387.3 1 0
vsTaskViewer/websocket.go:390.2,393.6 3 0
vsTaskViewer/websocket.go:393.6,394.10 1 0
vsTaskViewer/websocket.go:395.21,396.10 1 0
vsTaskViewer/websocket.go:397.19,399.55 1 0
vsTaskViewer/websocket.go:399.55,400.13 1 0
vsTaskViewer/websocket.go:404.4,405.18 2 0
vsTaskViewer/websocket.go:405.18,406.13 1 0
vsTaskViewer/websocket.go:409.4,412.29 2 0
vsTaskViewer/websocket.go:412.29,416.19 3 0
vsTaskViewer/websocket.go:416.19,418.14 2 0
vsTaskViewer/websocket.go:422.5,427.24 3 0
vsTaskViewer/websocket.go:427.24,428.13 1 0
vsTaskViewer/websocket.go:429.24,431.13 2 0
vsTaskViewer/websocket.go:432.14,432.14 0 0
vsTaskViewer/websocket.go:435.6,439.52 2 0
vsTaskViewer/websocket.go:439.52,440.80 1 0
vsTaskViewer/websocket.go:440.80,443.8 2 0
vsTaskViewer/websocket.go:448.5,448.42 1 0
vsTaskViewer/websocket_manager.go:18.46,22.2 1 1
vsTaskViewer/websocket_manager.go:25.50,30.2 4 1
vsTaskViewer/websocket_manager.go:33.53,38.2 4 1
vsTaskViewer/websocket_manager.go:41.64,53.16 6 1
vsTaskViewer/websocket_manager.go:53.16,56.3 2 0
vsTaskViewer/websocket_manager.go:58.2,58.36 1 1
vsTaskViewer/websocket_manager.go:58.36,64.3 4 0
vsTaskViewer/websocket_manager.go:66.2,66.44 1 1
vsTaskViewer/websocket_manager.go:70.42,74.2 3 1
